\BOOKMARK [0][]{chapter*.5}{Lista de Figuras}{}% 1
\BOOKMARK [0][]{chapter*.6}{Lista de Tabelas}{}% 2
\BOOKMARK [0][]{chapter.1}{Introdu\347\343o}{}% 3
\BOOKMARK [1][]{section.1.1}{Justificativa}{chapter.1}% 4
\BOOKMARK [1][]{section.1.2}{Objetivos}{chapter.1}% 5
\BOOKMARK [2][]{subsection.1.2.1}{Objetivo Geral}{section.1.2}% 6
\BOOKMARK [2][]{subsection.1.2.2}{Objetivos Espec\355ficos}{section.1.2}% 7
\BOOKMARK [1][]{section.1.3}{Contribui\347\365es}{chapter.1}% 8
\BOOKMARK [1][]{section.1.4}{Organiza\347\343o do Trabalho}{chapter.1}% 9
\BOOKMARK [0][]{chapter.2}{Conceitos e Tecnologia}{}% 10
\BOOKMARK [1][]{section.2.1}{Conceitos}{chapter.2}% 11
\BOOKMARK [2][]{subsection.2.1.1}{Modelagem de Dados Conceitual}{section.2.1}% 12
\BOOKMARK [2][]{subsection.2.1.2}{Modelagem de Dados Relacional}{section.2.1}% 13
\BOOKMARK [1][]{section.2.2}{Tecnologia empregada}{chapter.2}% 14
\BOOKMARK [2][]{subsection.2.2.1}{JDK - Java Development Kit}{section.2.2}% 15
\BOOKMARK [2][]{subsection.2.2.2}{Maven}{section.2.2}% 16
\BOOKMARK [2][]{subsection.2.2.3}{Gerenciamento de depend\352ncia}{section.2.2}% 17
\BOOKMARK [2][]{subsection.2.2.4}{Deploy}{section.2.2}% 18
\BOOKMARK [0][]{chapter.3}{Projeto T\351cnico}{}% 19
\BOOKMARK [0][]{chapter.4}{Rela\347\343o com disciplinas do curso de Ci\352ncia da Computa\347\343o do UNIFIEO}{}% 20
\BOOKMARK [0][]{chapter.5}{Conclus\365es}{}% 21
\BOOKMARK [0][]{chapter.6}{Trabalhos Futuros}{}% 22
\BOOKMARK [0][]{appendix.A}{Dicion\341rio de Dados}{}% 23
\BOOKMARK [0][]{appendix*.7}{Refer\352ncias Bibliogr\341ficas}{}% 24
